2.1316 	WARNING 	We strongly recommend you activate the PTB sound engine in PsychoPy prefs as the preferred audio engine. Its timing is vastly superior. Your prefs are currently set to use ['sounddevice', 'PTB', 'pyo', 'pygame'] (in that order).
9.7473 	WARNING 	User requested fullscreen with size [1024  768], but screen is actually [1920, 1080]. Using actual size
11.2814 	EXP 	Created window1 = Window(allowGUI=True, allowStencil=False, autoLog=True, backendConf=UNKNOWN, bitsMode=UNKNOWN, blendMode='avg', bpc=(8, 8, 8), color=array([0, 0, 0]), colorSpace='rgb', depthBits=8, fullscr=<method-wrapper '__getattribute__' of attributeSetter object at 0x0000021B0D5ECDC0>, gamma=None, gammaErrorPolicy='raise', lms=UNKNOWN, monitor=<psychopy.monitors.calibTools.Monitor object at 0x0000021B108A3400>, multiSample=False, name='window1', numSamples=2, pos=(0, 0), screen=0, size=array([1920, 1080]), stencilBits=0, stereo=False, units='height', useFBO=True, useRetina=False, viewOri=0.0, viewPos=None, viewScale=None, waitBlanking=True, winType='pyglet')
11.2820 	EXP 	window1: mouseVisible = True
11.2823 	EXP 	window1: mouseVisible = False
11.2823 	EXP 	window1: Attempting to measure frame rate of screen (0) ...
11.2824 	EXP 	window1: recordFrameIntervals = False
11.4472 	EXP 	window1: recordFrameIntervals = True
11.6307 	EXP 	Screen (0) actual frame rate measured at 60.05Hz
11.6308 	EXP 	window1: recordFrameIntervals = False
13.8646 	EXP 	Created fixation = ShapeStim(__class__=<class 'psychopy.visual.shape.ShapeStim'>, anchor=('center', 'center'), autoDraw=False, autoLog=True, closeShape=True, color=method-wrapper(...), colorSpace='rgb', contrast=None, depth=-1.0, fillColor=array([1, 1, 1]), fillColorSpace='rgb', fillRGB=array([1, 1, 1]), interpolate=True, lineColor=array([1, 1, 1]), lineColorSpace='rgb', lineRGB=array([1, 1, 1]), lineWidth=1.0, name='fixation', opacity=1.0, ori=0.0, pos=array([0., 0.]), size=array([10., 10.]), units='pix', vertices=ndarray(...), win=Window(...), windingRule=None)
13.8980 	EXP 	Created grating = GratingStim(__class__=<class 'psychopy.visual.grating.GratingStim'>, anchor='center', autoDraw=False, autoLog=True, blendmode='avg', color=array([1, 1, 1]), colorSpace='rgb', contrast=1.0, depth=-2.0, interpolate=True, mask='circle', maskParams=None, name='grating', opacity=1.0, ori=0.0, phase=array([0., 0.]), pos=array([0., 0.]), rgbPedestal=array([0., 0., 0.]), sf=array([5., 5.]), size=array([0.1, 0.1]), tex='sin', texRes=128.0, units='height', win=Window(...))
13.9125 	EXP 	Imported conditions.xlsx as conditions, 1 conditions, 5 params
14.2597 	EXP 	window1: recordFrameIntervals = False
14.2635 	EXP 	window1: recordFrameIntervals = False
15.2555 	EXP 	fixation: autoDraw = True
15.9438 	EXP 	grating: autoDraw = True
15.9438 	EXP 	grating: tex = 'sin'
16.2464 	EXP 	grating: autoDraw = False
16.2631 	EXP 	fixation: autoDraw = False
16.5674 	EXP 	window1: recordFrameIntervals = False
16.5714 	DATA 	Keypress: right
16.5801 	EXP 	fixation: autoDraw = False
16.5801 	EXP 	grating: autoDraw = False
16.5803 	EXP 	window1: recordFrameIntervals = False
17.5585 	EXP 	fixation: autoDraw = True
18.5635 	EXP 	fixation: autoDraw = False
18.5803 	EXP 	grating: autoDraw = True
18.5803 	EXP 	grating: tex = 'sin'
18.8802 	EXP 	grating: autoDraw = False
19.0177 	EXP 	window1: recordFrameIntervals = False
19.0202 	DATA 	Keypress: right
19.0301 	EXP 	fixation: autoDraw = False
19.0301 	EXP 	grating: autoDraw = False
19.0304 	EXP 	window1: recordFrameIntervals = False
20.0092 	EXP 	fixation: autoDraw = True
21.0134 	EXP 	fixation: autoDraw = False
21.0302 	EXP 	grating: autoDraw = True
21.0302 	EXP 	grating: tex = 'sin'
21.3301 	EXP 	grating: autoDraw = False
21.4509 	EXP 	window1: recordFrameIntervals = False
21.4537 	DATA 	Keypress: left
21.4634 	EXP 	fixation: autoDraw = False
21.4634 	EXP 	grating: autoDraw = False
21.4640 	EXP 	window1: recordFrameIntervals = False
22.4424 	EXP 	fixation: autoDraw = True
23.4466 	EXP 	fixation: autoDraw = False
23.4635 	EXP 	grating: autoDraw = True
23.4635 	EXP 	grating: tex = 'sin'
23.7635 	EXP 	grating: autoDraw = False
23.9176 	EXP 	window1: recordFrameIntervals = False
23.9203 	DATA 	Keypress: left
23.9301 	EXP 	fixation: autoDraw = False
23.9301 	EXP 	grating: autoDraw = False
23.9304 	EXP 	window1: recordFrameIntervals = False
24.9090 	EXP 	fixation: autoDraw = True
25.9133 	EXP 	fixation: autoDraw = False
25.9302 	EXP 	grating: autoDraw = True
25.9302 	EXP 	grating: tex = 'sin'
26.2300 	EXP 	grating: autoDraw = False
26.3174 	EXP 	window1: recordFrameIntervals = False
26.3205 	DATA 	Keypress: right
26.3300 	EXP 	fixation: autoDraw = False
26.3300 	EXP 	grating: autoDraw = False
26.3304 	EXP 	window1: recordFrameIntervals = False
27.3099 	EXP 	fixation: autoDraw = True
28.3133 	EXP 	fixation: autoDraw = False
28.3301 	EXP 	grating: autoDraw = True
28.3301 	EXP 	grating: tex = 'sin'
28.6300 	EXP 	grating: autoDraw = False
28.6878 	EXP 	window1: recordFrameIntervals = False
28.6928 	DATA 	Keypress: left
28.6966 	EXP 	fixation: autoDraw = False
28.6966 	EXP 	grating: autoDraw = False
28.6969 	EXP 	window1: recordFrameIntervals = False
29.4758 	DATA 	Keypress: right
29.6803 	EXP 	fixation: autoDraw = True
30.6799 	EXP 	fixation: autoDraw = False
30.6968 	EXP 	grating: autoDraw = True
30.6968 	EXP 	grating: tex = 'sin'
30.9967 	EXP 	grating: autoDraw = False
31.1843 	EXP 	window1: recordFrameIntervals = False
31.1871 	DATA 	Keypress: right
31.1966 	EXP 	fixation: autoDraw = False
31.1966 	EXP 	grating: autoDraw = False
31.1969 	EXP 	window1: recordFrameIntervals = False
32.1753 	EXP 	fixation: autoDraw = True
33.1798 	EXP 	fixation: autoDraw = False
33.1967 	EXP 	grating: autoDraw = True
33.1967 	EXP 	grating: tex = 'sin'
33.4966 	EXP 	grating: autoDraw = False
33.7646 	EXP 	window1: recordFrameIntervals = False
33.7659 	DATA 	Keypress: right
33.7795 	EXP 	fixation: autoDraw = False
33.7795 	EXP 	grating: autoDraw = False
33.7796 	EXP 	window1: recordFrameIntervals = False
34.7564 	EXP 	fixation: autoDraw = True
35.7634 	EXP 	fixation: autoDraw = False
35.7634 	EXP 	grating: autoDraw = True
35.7634 	EXP 	grating: tex = 'sin'
36.0630 	EXP 	grating: autoDraw = False
36.2175 	EXP 	window1: recordFrameIntervals = False
36.2202 	DATA 	Keypress: left
36.2298 	EXP 	fixation: autoDraw = False
36.2298 	EXP 	grating: autoDraw = False
36.2302 	EXP 	window1: recordFrameIntervals = False
37.2086 	EXP 	fixation: autoDraw = True
38.2128 	EXP 	fixation: autoDraw = False
38.2296 	EXP 	grating: autoDraw = True
38.2296 	EXP 	grating: tex = 'sin'
38.5298 	EXP 	grating: autoDraw = False
38.6009 	EXP 	window1: recordFrameIntervals = False
38.6035 	DATA 	Keypress: right
38.6132 	EXP 	fixation: autoDraw = False
38.6132 	EXP 	grating: autoDraw = False
38.6136 	EXP 	window1: recordFrameIntervals = False
39.5915 	EXP 	fixation: autoDraw = True
40.5964 	EXP 	fixation: autoDraw = False
40.6132 	EXP 	grating: autoDraw = True
40.6132 	EXP 	grating: tex = 'sin'
40.9131 	EXP 	grating: autoDraw = False
41.0339 	EXP 	window1: recordFrameIntervals = False
41.0366 	DATA 	Keypress: right
41.0464 	EXP 	fixation: autoDraw = False
41.0464 	EXP 	grating: autoDraw = False
41.0468 	EXP 	window1: recordFrameIntervals = False
42.0249 	EXP 	fixation: autoDraw = True
43.0296 	EXP 	fixation: autoDraw = False
43.0465 	EXP 	grating: autoDraw = True
43.0465 	EXP 	grating: tex = 'sin'
43.3465 	EXP 	grating: autoDraw = False
43.4338 	EXP 	window1: recordFrameIntervals = False
43.4366 	DATA 	Keypress: right
43.4462 	EXP 	fixation: autoDraw = False
43.4462 	EXP 	grating: autoDraw = False
43.4466 	EXP 	window1: recordFrameIntervals = False
44.4246 	EXP 	fixation: autoDraw = True
45.4297 	EXP 	fixation: autoDraw = False
45.4465 	EXP 	grating: autoDraw = True
45.4465 	EXP 	grating: tex = 'sin'
45.7464 	EXP 	grating: autoDraw = False
45.8505 	EXP 	window1: recordFrameIntervals = False
45.8532 	DATA 	Keypress: left
45.8630 	EXP 	fixation: autoDraw = False
45.8630 	EXP 	grating: autoDraw = False
45.8634 	EXP 	window1: recordFrameIntervals = False
46.8421 	EXP 	fixation: autoDraw = True
47.8462 	EXP 	fixation: autoDraw = False
47.8630 	EXP 	grating: autoDraw = True
47.8630 	EXP 	grating: tex = 'sin'
48.1514 	EXP 	window1: recordFrameIntervals = False
48.1542 	DATA 	Keypress: right
48.1630 	EXP 	grating: autoDraw = False
48.1630 	EXP 	fixation: autoDraw = False
48.1630 	EXP 	grating: autoDraw = False
48.1635 	EXP 	window1: recordFrameIntervals = False
49.1429 	EXP 	fixation: autoDraw = True
50.1463 	EXP 	fixation: autoDraw = False
50.1631 	EXP 	grating: autoDraw = True
50.1631 	EXP 	grating: tex = 'sin'
50.4629 	EXP 	grating: autoDraw = False
50.5673 	EXP 	window1: recordFrameIntervals = False
50.5700 	DATA 	Keypress: left
50.5796 	EXP 	fixation: autoDraw = False
50.5796 	EXP 	grating: autoDraw = False
50.5801 	EXP 	window1: recordFrameIntervals = False
51.5592 	EXP 	fixation: autoDraw = True
52.5627 	EXP 	fixation: autoDraw = False
52.5797 	EXP 	grating: autoDraw = True
52.5797 	EXP 	grating: tex = 'sin'
52.8796 	EXP 	grating: autoDraw = False
53.0670 	EXP 	window1: recordFrameIntervals = False
53.0698 	DATA 	Keypress: right
53.0795 	EXP 	fixation: autoDraw = False
53.0795 	EXP 	grating: autoDraw = False
53.0799 	EXP 	window1: recordFrameIntervals = False
54.0592 	EXP 	fixation: autoDraw = True
55.0626 	EXP 	fixation: autoDraw = False
55.0795 	EXP 	grating: autoDraw = True
55.0795 	EXP 	grating: tex = 'sin'
55.3793 	EXP 	grating: autoDraw = False
55.4494 	EXP 	window1: recordFrameIntervals = False
55.4515 	DATA 	Keypress: left
55.4626 	EXP 	fixation: autoDraw = False
55.4626 	EXP 	grating: autoDraw = False
55.4629 	EXP 	window1: recordFrameIntervals = False
56.4397 	EXP 	fixation: autoDraw = True
57.4462 	EXP 	fixation: autoDraw = False
57.4628 	EXP 	grating: autoDraw = True
57.4628 	EXP 	grating: tex = 'sin'
57.7627 	EXP 	grating: autoDraw = False
58.0146 	EXP 	window1: recordFrameIntervals = False
58.0161 	DATA 	Keypress: right
58.0290 	EXP 	fixation: autoDraw = False
58.0290 	EXP 	grating: autoDraw = False
58.0292 	EXP 	window1: recordFrameIntervals = False
59.0048 	EXP 	fixation: autoDraw = True
60.0127 	EXP 	fixation: autoDraw = False
60.0295 	EXP 	grating: autoDraw = True
60.0295 	EXP 	grating: tex = 'sin'
60.3291 	EXP 	grating: autoDraw = False
60.5337 	EXP 	window1: recordFrameIntervals = False
60.5365 	DATA 	Keypress: right
60.5461 	EXP 	fixation: autoDraw = False
60.5461 	EXP 	grating: autoDraw = False
60.5464 	EXP 	window1: recordFrameIntervals = False
61.5251 	EXP 	fixation: autoDraw = True
62.5290 	EXP 	fixation: autoDraw = False
62.5458 	EXP 	grating: autoDraw = True
62.5458 	EXP 	grating: tex = 'sin'
62.8458 	EXP 	grating: autoDraw = False
63.0334 	EXP 	window1: recordFrameIntervals = False
63.0361 	DATA 	Keypress: left
63.0460 	EXP 	fixation: autoDraw = False
63.0460 	EXP 	grating: autoDraw = False
63.0464 	EXP 	window1: recordFrameIntervals = False
64.0256 	EXP 	fixation: autoDraw = True
65.0293 	EXP 	fixation: autoDraw = False
65.0460 	EXP 	grating: autoDraw = True
65.0460 	EXP 	grating: tex = 'sin'
65.3460 	EXP 	grating: autoDraw = False
65.5337 	EXP 	window1: recordFrameIntervals = False
65.5364 	DATA 	Keypress: left
65.5459 	EXP 	fixation: autoDraw = False
65.5459 	EXP 	grating: autoDraw = False
65.5463 	EXP 	window1: recordFrameIntervals = False
66.5263 	EXP 	fixation: autoDraw = True
67.5291 	EXP 	fixation: autoDraw = False
67.5458 	EXP 	grating: autoDraw = True
67.5458 	EXP 	grating: tex = 'sin'
67.8456 	EXP 	grating: autoDraw = False
67.8650 	EXP 	window1: recordFrameIntervals = False
67.8667 	DATA 	Keypress: right
67.8790 	EXP 	fixation: autoDraw = False
67.8790 	EXP 	grating: autoDraw = False
67.8793 	EXP 	window1: recordFrameIntervals = False
68.8570 	EXP 	fixation: autoDraw = True
69.8625 	EXP 	fixation: autoDraw = False
69.8793 	EXP 	grating: autoDraw = True
69.8793 	EXP 	grating: tex = 'sin'
70.1793 	EXP 	grating: autoDraw = False
70.2998 	EXP 	window1: recordFrameIntervals = False
70.3025 	DATA 	Keypress: right
70.3125 	EXP 	fixation: autoDraw = False
70.3125 	EXP 	grating: autoDraw = False
70.3129 	EXP 	window1: recordFrameIntervals = False
71.2921 	EXP 	fixation: autoDraw = True
72.2958 	EXP 	fixation: autoDraw = False
72.3125 	EXP 	grating: autoDraw = True
72.3125 	EXP 	grating: tex = 'sin'
72.6123 	EXP 	grating: autoDraw = False
72.7167 	EXP 	window1: recordFrameIntervals = False
72.7194 	DATA 	Keypress: left
72.7292 	EXP 	fixation: autoDraw = False
72.7292 	EXP 	grating: autoDraw = False
72.7295 	EXP 	window1: recordFrameIntervals = False
73.7096 	EXP 	fixation: autoDraw = True
74.7123 	EXP 	fixation: autoDraw = False
74.7291 	EXP 	grating: autoDraw = True
74.7291 	EXP 	grating: tex = 'sin'
75.0290 	EXP 	grating: autoDraw = False
75.2472 	EXP 	window1: recordFrameIntervals = False
75.2484 	DATA 	Keypress: right
75.2622 	EXP 	fixation: autoDraw = False
75.2622 	EXP 	grating: autoDraw = False
75.2624 	EXP 	window1: recordFrameIntervals = False
76.2385 	EXP 	fixation: autoDraw = True
77.2458 	EXP 	fixation: autoDraw = False
77.2458 	EXP 	grating: autoDraw = True
77.2458 	EXP 	grating: tex = 'sin'
77.5457 	EXP 	grating: autoDraw = False
77.5999 	EXP 	window1: recordFrameIntervals = False
77.6025 	DATA 	Keypress: left
77.6124 	EXP 	fixation: autoDraw = False
77.6124 	EXP 	grating: autoDraw = False
77.6128 	EXP 	window1: recordFrameIntervals = False
78.5912 	EXP 	fixation: autoDraw = True
79.5956 	EXP 	fixation: autoDraw = False
79.6125 	EXP 	grating: autoDraw = True
79.6125 	EXP 	grating: tex = 'sin'
79.9119 	EXP 	grating: autoDraw = False
79.9308 	EXP 	window1: recordFrameIntervals = False
79.9323 	DATA 	Keypress: right
79.9452 	EXP 	fixation: autoDraw = False
79.9452 	EXP 	grating: autoDraw = False
79.9454 	EXP 	window1: recordFrameIntervals = False
80.9231 	EXP 	fixation: autoDraw = True
81.9290 	EXP 	fixation: autoDraw = False
81.9458 	EXP 	grating: autoDraw = True
81.9458 	EXP 	grating: tex = 'sin'
82.2305 	EXP 	window1: recordFrameIntervals = False
82.2320 	DATA 	Keypress: left
82.2451 	EXP 	grating: autoDraw = False
82.2451 	EXP 	fixation: autoDraw = False
82.2451 	EXP 	grating: autoDraw = False
82.2453 	EXP 	window1: recordFrameIntervals = False
83.2227 	EXP 	fixation: autoDraw = True
84.2286 	EXP 	fixation: autoDraw = False
84.2456 	EXP 	grating: autoDraw = True
84.2456 	EXP 	grating: tex = 'sin'
84.5453 	EXP 	grating: autoDraw = False
84.6164 	EXP 	window1: recordFrameIntervals = False
84.6192 	DATA 	Keypress: right
84.6290 	EXP 	fixation: autoDraw = False
84.6290 	EXP 	grating: autoDraw = False
84.6293 	EXP 	window1: recordFrameIntervals = False
85.6076 	EXP 	fixation: autoDraw = True
86.6138 	EXP 	fixation: autoDraw = False
86.6288 	EXP 	grating: autoDraw = True
86.6288 	EXP 	grating: tex = 'sin'
86.9289 	EXP 	grating: autoDraw = False
86.9664 	EXP 	window1: recordFrameIntervals = False
86.9693 	DATA 	Keypress: left
86.9789 	EXP 	fixation: autoDraw = False
86.9789 	EXP 	grating: autoDraw = False
86.9793 	EXP 	window1: recordFrameIntervals = False
87.9576 	EXP 	fixation: autoDraw = True
88.9622 	EXP 	fixation: autoDraw = False
88.9789 	EXP 	grating: autoDraw = True
88.9789 	EXP 	grating: tex = 'sin'
89.2788 	EXP 	grating: autoDraw = False
89.3996 	DATA 	Keypress: left
89.4162 	EXP 	window1: recordFrameIntervals = False
89.4289 	EXP 	fixation: autoDraw = False
89.4289 	EXP 	grating: autoDraw = False
89.4292 	EXP 	window1: recordFrameIntervals = False
90.4072 	EXP 	fixation: autoDraw = True
91.4121 	EXP 	fixation: autoDraw = False
91.4289 	EXP 	grating: autoDraw = True
91.4289 	EXP 	grating: tex = 'sin'
91.7288 	EXP 	grating: autoDraw = False
91.8662 	EXP 	window1: recordFrameIntervals = False
91.8689 	DATA 	Keypress: left
91.8789 	EXP 	fixation: autoDraw = False
91.8789 	EXP 	grating: autoDraw = False
91.8792 	EXP 	window1: recordFrameIntervals = False
92.8568 	EXP 	fixation: autoDraw = True
93.8620 	EXP 	fixation: autoDraw = False
93.8788 	EXP 	grating: autoDraw = True
93.8788 	EXP 	grating: tex = 'sin'
94.1786 	EXP 	grating: autoDraw = False
94.2490 	EXP 	window1: recordFrameIntervals = False
94.2515 	DATA 	Keypress: left
94.2620 	EXP 	fixation: autoDraw = False
94.2620 	EXP 	grating: autoDraw = False
94.2623 	EXP 	window1: recordFrameIntervals = False
95.2409 	EXP 	fixation: autoDraw = True
96.2454 	EXP 	fixation: autoDraw = False
96.2621 	EXP 	grating: autoDraw = True
96.2621 	EXP 	grating: tex = 'sin'
96.5620 	EXP 	grating: autoDraw = False
96.5996 	DATA 	Keypress: right
96.6161 	EXP 	window1: recordFrameIntervals = False
96.6287 	EXP 	fixation: autoDraw = False
96.6287 	EXP 	grating: autoDraw = False
96.6291 	EXP 	window1: recordFrameIntervals = False
97.6075 	EXP 	fixation: autoDraw = True
98.6120 	EXP 	fixation: autoDraw = False
98.6287 	EXP 	grating: autoDraw = True
98.6287 	EXP 	grating: tex = 'sin'
98.9286 	EXP 	grating: autoDraw = False
99.0340 	DATA 	Keypress: right
99.0495 	EXP 	window1: recordFrameIntervals = False
99.0619 	EXP 	fixation: autoDraw = False
99.0619 	EXP 	grating: autoDraw = False
99.0623 	EXP 	window1: recordFrameIntervals = False
100.0409 	EXP 	fixation: autoDraw = True
101.0453 	EXP 	fixation: autoDraw = False
101.0620 	EXP 	grating: autoDraw = True
101.0620 	EXP 	grating: tex = 'sin'
101.3619 	EXP 	grating: autoDraw = False
101.4327 	EXP 	window1: recordFrameIntervals = False
101.4355 	DATA 	Keypress: right
101.4453 	EXP 	fixation: autoDraw = False
101.4453 	EXP 	grating: autoDraw = False
101.4456 	EXP 	window1: recordFrameIntervals = False
102.4245 	EXP 	fixation: autoDraw = True
103.4285 	EXP 	fixation: autoDraw = False
103.4454 	EXP 	grating: autoDraw = True
103.4454 	EXP 	grating: tex = 'sin'
103.7452 	EXP 	grating: autoDraw = False
103.7992 	EXP 	window1: recordFrameIntervals = False
103.8018 	DATA 	Keypress: left
103.8119 	EXP 	fixation: autoDraw = False
103.8119 	EXP 	grating: autoDraw = False
103.8123 	EXP 	window1: recordFrameIntervals = False
104.7905 	EXP 	fixation: autoDraw = True
105.7952 	EXP 	fixation: autoDraw = False
105.8120 	EXP 	grating: autoDraw = True
105.8120 	EXP 	grating: tex = 'sin'
106.1132 	EXP 	grating: autoDraw = False
106.1994 	EXP 	window1: recordFrameIntervals = False
106.2021 	DATA 	Keypress: left
106.2119 	EXP 	fixation: autoDraw = False
106.2119 	EXP 	grating: autoDraw = False
106.2122 	EXP 	window1: recordFrameIntervals = False
107.1904 	EXP 	fixation: autoDraw = True
108.1952 	EXP 	fixation: autoDraw = False
108.2127 	EXP 	grating: autoDraw = True
108.2127 	EXP 	grating: tex = 'sin'
108.5280 	EXP 	grating: autoDraw = False
108.7995 	EXP 	window1: recordFrameIntervals = False
108.8024 	DATA 	Keypress: right
108.8118 	EXP 	fixation: autoDraw = False
108.8118 	EXP 	grating: autoDraw = False
108.8121 	EXP 	window1: recordFrameIntervals = False
109.7900 	EXP 	fixation: autoDraw = True
110.7947 	EXP 	fixation: autoDraw = False
110.8118 	EXP 	grating: autoDraw = True
110.8118 	EXP 	grating: tex = 'sin'
111.1117 	EXP 	grating: autoDraw = False
111.1826 	EXP 	window1: recordFrameIntervals = False
111.1853 	DATA 	Keypress: left
111.1951 	EXP 	fixation: autoDraw = False
111.1951 	EXP 	grating: autoDraw = False
111.1955 	EXP 	window1: recordFrameIntervals = False
112.1734 	EXP 	fixation: autoDraw = True
113.1784 	EXP 	fixation: autoDraw = False
113.1951 	EXP 	grating: autoDraw = True
113.1951 	EXP 	grating: tex = 'sin'
113.4950 	EXP 	grating: autoDraw = False
113.5157 	EXP 	window1: recordFrameIntervals = False
113.5184 	DATA 	Keypress: right
113.5283 	EXP 	fixation: autoDraw = False
113.5283 	EXP 	grating: autoDraw = False
113.5287 	EXP 	window1: recordFrameIntervals = False
114.5074 	EXP 	fixation: autoDraw = True
115.5118 	EXP 	fixation: autoDraw = False
115.5284 	EXP 	grating: autoDraw = True
115.5284 	EXP 	grating: tex = 'sin'
115.8282 	EXP 	grating: autoDraw = False
116.0324 	EXP 	window1: recordFrameIntervals = False
116.0352 	DATA 	Keypress: right
116.0450 	EXP 	fixation: autoDraw = False
116.0450 	EXP 	grating: autoDraw = False
116.0454 	EXP 	window1: recordFrameIntervals = False
117.0237 	EXP 	fixation: autoDraw = True
118.0283 	EXP 	fixation: autoDraw = False
118.0450 	EXP 	grating: autoDraw = True
118.0450 	EXP 	grating: tex = 'sin'
118.3449 	EXP 	grating: autoDraw = False
118.6489 	DATA 	Keypress: right
118.6656 	EXP 	window1: recordFrameIntervals = False
118.6783 	EXP 	fixation: autoDraw = False
118.6783 	EXP 	grating: autoDraw = False
118.6787 	EXP 	window1: recordFrameIntervals = False
119.6568 	EXP 	fixation: autoDraw = True
120.6615 	EXP 	fixation: autoDraw = False
120.6784 	EXP 	grating: autoDraw = True
120.6784 	EXP 	grating: tex = 'sin'
120.9782 	EXP 	grating: autoDraw = False
121.1324 	EXP 	window1: recordFrameIntervals = False
121.1351 	DATA 	Keypress: right
121.1449 	EXP 	fixation: autoDraw = False
121.1449 	EXP 	grating: autoDraw = False
121.1453 	EXP 	window1: recordFrameIntervals = False
122.1234 	EXP 	fixation: autoDraw = True
122.3466 	DATA 	Keypress: right
123.1284 	EXP 	fixation: autoDraw = False
123.1449 	EXP 	grating: autoDraw = True
123.1449 	EXP 	grating: tex = 'sin'
123.4446 	EXP 	grating: autoDraw = False
123.5971 	EXP 	window1: recordFrameIntervals = False
123.5986 	DATA 	Keypress: left
123.6111 	EXP 	fixation: autoDraw = False
123.6111 	EXP 	grating: autoDraw = False
123.6113 	EXP 	window1: recordFrameIntervals = False
124.5894 	EXP 	fixation: autoDraw = True
125.5948 	EXP 	fixation: autoDraw = False
125.6115 	EXP 	grating: autoDraw = True
125.6115 	EXP 	grating: tex = 'sin'
125.9115 	EXP 	grating: autoDraw = False
126.0981 	EXP 	window1: recordFrameIntervals = False
126.1006 	DATA 	Keypress: left
126.1113 	EXP 	fixation: autoDraw = False
126.1113 	EXP 	grating: autoDraw = False
126.1115 	EXP 	window1: recordFrameIntervals = False
127.0890 	EXP 	fixation: autoDraw = True
128.0947 	EXP 	fixation: autoDraw = False
128.1115 	EXP 	grating: autoDraw = True
128.1115 	EXP 	grating: tex = 'sin'
128.4110 	EXP 	grating: autoDraw = False
128.4964 	EXP 	window1: recordFrameIntervals = False
128.4976 	DATA 	Keypress: right
128.5112 	EXP 	fixation: autoDraw = False
128.5112 	EXP 	grating: autoDraw = False
128.5114 	EXP 	window1: recordFrameIntervals = False
129.2832 	DATA 	Keypress: left
129.5109 	EXP 	fixation: autoDraw = True
130.5114 	EXP 	fixation: autoDraw = False
130.5114 	EXP 	grating: autoDraw = True
130.5114 	EXP 	grating: tex = 'sin'
130.8114 	EXP 	grating: autoDraw = False
131.2993 	EXP 	window1: recordFrameIntervals = False
131.3029 	DATA 	Keypress: right
131.3114 	EXP 	fixation: autoDraw = False
131.3114 	EXP 	grating: autoDraw = False
131.3118 	EXP 	window1: recordFrameIntervals = False
132.2899 	EXP 	fixation: autoDraw = True
133.2946 	EXP 	fixation: autoDraw = False
133.3114 	EXP 	grating: autoDraw = True
133.3114 	EXP 	grating: tex = 'sin'
133.6113 	EXP 	grating: autoDraw = False
133.6490 	EXP 	window1: recordFrameIntervals = False
133.6519 	DATA 	Keypress: left
133.6613 	EXP 	fixation: autoDraw = False
133.6613 	EXP 	grating: autoDraw = False
133.6617 	EXP 	window1: recordFrameIntervals = False
134.6401 	EXP 	fixation: autoDraw = True
135.4303 	DATA 	Mouse: Left button down, pos=(473,12)
135.4307 	DATA 	Mouse:  Left button up, pos=(473,12)
135.6444 	EXP 	fixation: autoDraw = False
135.6614 	EXP 	grating: autoDraw = True
135.6614 	EXP 	grating: tex = 'sin'
135.9613 	EXP 	grating: autoDraw = False
136.3155 	EXP 	window1: recordFrameIntervals = False
136.3184 	DATA 	Keypress: left
136.3279 	EXP 	fixation: autoDraw = False
136.3279 	EXP 	grating: autoDraw = False
136.3283 	EXP 	window1: recordFrameIntervals = False
137.3062 	EXP 	fixation: autoDraw = True
138.3113 	EXP 	fixation: autoDraw = False
138.3280 	EXP 	grating: autoDraw = True
138.3280 	EXP 	grating: tex = 'sin'
138.6278 	EXP 	grating: autoDraw = False
138.9657 	EXP 	window1: recordFrameIntervals = False
138.9684 	DATA 	Keypress: right
138.9780 	EXP 	fixation: autoDraw = False
138.9780 	EXP 	grating: autoDraw = False
138.9784 	EXP 	window1: recordFrameIntervals = False
139.9569 	EXP 	fixation: autoDraw = True
140.9612 	EXP 	fixation: autoDraw = False
140.9780 	EXP 	grating: autoDraw = True
140.9780 	EXP 	grating: tex = 'sin'
141.2778 	EXP 	grating: autoDraw = False
141.4654 	EXP 	window1: recordFrameIntervals = False
141.4684 	DATA 	Keypress: left
141.4778 	EXP 	fixation: autoDraw = False
141.4778 	EXP 	grating: autoDraw = False
141.4781 	EXP 	window1: recordFrameIntervals = False
142.2518 	DATA 	Keypress: right
142.4571 	EXP 	fixation: autoDraw = True
143.4611 	EXP 	fixation: autoDraw = False
143.4779 	EXP 	grating: autoDraw = True
143.4779 	EXP 	grating: tex = 'sin'
143.7776 	EXP 	grating: autoDraw = False
143.9793 	EXP 	window1: recordFrameIntervals = False
143.9806 	DATA 	Keypress: left
143.9943 	EXP 	fixation: autoDraw = False
143.9943 	EXP 	grating: autoDraw = False
143.9945 	EXP 	window1: recordFrameIntervals = False
144.9721 	EXP 	fixation: autoDraw = True
145.9773 	EXP 	fixation: autoDraw = False
145.9941 	EXP 	grating: autoDraw = True
145.9941 	EXP 	grating: tex = 'sin'
146.2944 	EXP 	grating: autoDraw = False
146.4989 	EXP 	window1: recordFrameIntervals = False
146.5016 	DATA 	Keypress: left
146.5112 	EXP 	fixation: autoDraw = False
146.5112 	EXP 	grating: autoDraw = False
146.5115 	EXP 	window1: recordFrameIntervals = False
147.4903 	EXP 	fixation: autoDraw = True
148.4944 	EXP 	fixation: autoDraw = False
148.5111 	EXP 	grating: autoDraw = True
148.5111 	EXP 	grating: tex = 'sin'
148.8109 	EXP 	grating: autoDraw = False
148.9317 	EXP 	window1: recordFrameIntervals = False
148.9345 	DATA 	Keypress: right
148.9444 	EXP 	fixation: autoDraw = False
148.9444 	EXP 	grating: autoDraw = False
148.9447 	EXP 	window1: recordFrameIntervals = False
149.9224 	EXP 	fixation: autoDraw = True
150.9274 	EXP 	fixation: autoDraw = False
150.9442 	EXP 	grating: autoDraw = True
150.9442 	EXP 	grating: tex = 'sin'
151.2444 	EXP 	grating: autoDraw = False
151.3989 	DATA 	Keypress: left
151.4150 	EXP 	window1: recordFrameIntervals = False
151.4277 	EXP 	fixation: autoDraw = False
151.4277 	EXP 	grating: autoDraw = False
151.4281 	EXP 	window1: recordFrameIntervals = False
152.4059 	EXP 	fixation: autoDraw = True
153.4109 	EXP 	fixation: autoDraw = False
153.4277 	EXP 	grating: autoDraw = True
153.4277 	EXP 	grating: tex = 'sin'
153.7275 	EXP 	grating: autoDraw = False
153.9153 	EXP 	window1: recordFrameIntervals = False
153.9183 	DATA 	Keypress: right
153.9275 	EXP 	fixation: autoDraw = False
153.9275 	EXP 	grating: autoDraw = False
153.9281 	EXP 	window1: recordFrameIntervals = False
154.9074 	EXP 	fixation: autoDraw = True
155.9109 	EXP 	fixation: autoDraw = False
155.9277 	EXP 	grating: autoDraw = True
155.9277 	EXP 	grating: tex = 'sin'
156.2276 	EXP 	grating: autoDraw = False
156.3485 	EXP 	window1: recordFrameIntervals = False
156.3511 	DATA 	Keypress: left
156.3609 	EXP 	fixation: autoDraw = False
156.3609 	EXP 	grating: autoDraw = False
156.3613 	EXP 	window1: recordFrameIntervals = False
157.3409 	EXP 	fixation: autoDraw = True
158.3441 	EXP 	fixation: autoDraw = False
158.3610 	EXP 	grating: autoDraw = True
158.3610 	EXP 	grating: tex = 'sin'
158.6609 	EXP 	grating: autoDraw = False
158.8989 	EXP 	window1: recordFrameIntervals = False
158.9015 	DATA 	Keypress: right
158.9108 	EXP 	fixation: autoDraw = False
158.9108 	EXP 	grating: autoDraw = False
158.9112 	EXP 	window1: recordFrameIntervals = False
159.8921 	EXP 	fixation: autoDraw = True
160.8941 	EXP 	fixation: autoDraw = False
160.9108 	EXP 	grating: autoDraw = True
160.9108 	EXP 	grating: tex = 'sin'
161.2108 	EXP 	grating: autoDraw = False
161.4642 	EXP 	window1: recordFrameIntervals = False
161.4666 	DATA 	Keypress: right
161.4771 	EXP 	fixation: autoDraw = False
161.4771 	EXP 	grating: autoDraw = False
161.4773 	EXP 	window1: recordFrameIntervals = False
162.4554 	EXP 	fixation: autoDraw = True
163.4607 	EXP 	fixation: autoDraw = False
163.4775 	EXP 	grating: autoDraw = True
163.4775 	EXP 	grating: tex = 'sin'
163.7770 	EXP 	grating: autoDraw = False
163.9316 	EXP 	window1: recordFrameIntervals = False
163.9344 	DATA 	Keypress: right
163.9441 	EXP 	fixation: autoDraw = False
163.9441 	EXP 	grating: autoDraw = False
163.9445 	EXP 	window1: recordFrameIntervals = False
164.9226 	EXP 	fixation: autoDraw = True
165.9269 	EXP 	fixation: autoDraw = False
165.9437 	EXP 	grating: autoDraw = True
165.9437 	EXP 	grating: tex = 'sin'
166.2440 	EXP 	grating: autoDraw = False
166.3984 	EXP 	window1: recordFrameIntervals = False
166.4011 	DATA 	Keypress: left
166.4107 	EXP 	fixation: autoDraw = False
166.4107 	EXP 	grating: autoDraw = False
166.4110 	EXP 	window1: recordFrameIntervals = False
167.3899 	EXP 	fixation: autoDraw = True
168.3940 	EXP 	fixation: autoDraw = False
168.4108 	EXP 	grating: autoDraw = True
168.4108 	EXP 	grating: tex = 'sin'
168.7107 	EXP 	grating: autoDraw = False
169.0481 	EXP 	window1: recordFrameIntervals = False
169.0508 	DATA 	Keypress: left
169.0607 	EXP 	fixation: autoDraw = False
169.0607 	EXP 	grating: autoDraw = False
169.0610 	EXP 	window1: recordFrameIntervals = False
170.0391 	EXP 	fixation: autoDraw = True
171.0437 	EXP 	fixation: autoDraw = False
171.0608 	EXP 	grating: autoDraw = True
171.0608 	EXP 	grating: tex = 'sin'
171.3606 	EXP 	grating: autoDraw = False
171.5314 	EXP 	window1: recordFrameIntervals = False
171.5341 	DATA 	Keypress: left
171.5440 	EXP 	fixation: autoDraw = False
171.5440 	EXP 	grating: autoDraw = False
171.5443 	EXP 	window1: recordFrameIntervals = False
172.5232 	EXP 	fixation: autoDraw = True
173.5271 	EXP 	fixation: autoDraw = False
173.5440 	EXP 	grating: autoDraw = True
173.5440 	EXP 	grating: tex = 'sin'
173.8439 	EXP 	grating: autoDraw = False
174.0074 	DATA 	Keypress: left
174.0146 	EXP 	window1: recordFrameIntervals = False
174.0272 	EXP 	fixation: autoDraw = False
174.0272 	EXP 	grating: autoDraw = False
174.0276 	EXP 	window1: recordFrameIntervals = False
175.0064 	EXP 	fixation: autoDraw = True
176.0106 	EXP 	fixation: autoDraw = False
176.0274 	EXP 	grating: autoDraw = True
176.0274 	EXP 	grating: tex = 'sin'
176.3275 	EXP 	grating: autoDraw = False
176.6483 	EXP 	window1: recordFrameIntervals = False
176.6509 	DATA 	Keypress: right
176.6604 	EXP 	fixation: autoDraw = False
176.6604 	EXP 	grating: autoDraw = False
176.6608 	EXP 	window1: recordFrameIntervals = False
177.6401 	EXP 	fixation: autoDraw = True
178.6438 	EXP 	fixation: autoDraw = False
178.6606 	EXP 	grating: autoDraw = True
178.6606 	EXP 	grating: tex = 'sin'
178.9605 	EXP 	grating: autoDraw = False
179.2289 	EXP 	window1: recordFrameIntervals = False
179.2302 	DATA 	Keypress: right
179.2438 	EXP 	fixation: autoDraw = False
179.2438 	EXP 	grating: autoDraw = False
179.2442 	EXP 	window1: recordFrameIntervals = False
180.2210 	EXP 	fixation: autoDraw = True
181.2269 	EXP 	fixation: autoDraw = False
181.2438 	EXP 	grating: autoDraw = True
181.2438 	EXP 	grating: tex = 'sin'
181.5438 	EXP 	grating: autoDraw = False
181.7312 	EXP 	window1: recordFrameIntervals = False
181.7339 	DATA 	Keypress: left
181.7437 	EXP 	fixation: autoDraw = False
181.7437 	EXP 	grating: autoDraw = False
181.7441 	EXP 	window1: recordFrameIntervals = False
182.7229 	EXP 	fixation: autoDraw = True
183.7270 	EXP 	fixation: autoDraw = False
183.7438 	EXP 	grating: autoDraw = True
183.7438 	EXP 	grating: tex = 'sin'
184.0436 	EXP 	grating: autoDraw = False
184.2812 	EXP 	window1: recordFrameIntervals = False
184.2839 	DATA 	Keypress: right
184.2937 	EXP 	fixation: autoDraw = False
184.2937 	EXP 	grating: autoDraw = False
184.2941 	EXP 	window1: recordFrameIntervals = False
185.2725 	EXP 	fixation: autoDraw = True
186.2770 	EXP 	fixation: autoDraw = False
186.2937 	EXP 	grating: autoDraw = True
186.2937 	EXP 	grating: tex = 'sin'
186.5935 	EXP 	grating: autoDraw = False
186.7646 	EXP 	window1: recordFrameIntervals = False
186.7674 	DATA 	Keypress: right
186.7770 	EXP 	fixation: autoDraw = False
186.7770 	EXP 	grating: autoDraw = False
186.7774 	EXP 	window1: recordFrameIntervals = False
187.7556 	EXP 	fixation: autoDraw = True
188.7600 	EXP 	fixation: autoDraw = False
188.7768 	EXP 	grating: autoDraw = True
188.7768 	EXP 	grating: tex = 'sin'
189.0770 	EXP 	grating: autoDraw = False
189.3481 	DATA 	Keypress: right
189.3643 	EXP 	window1: recordFrameIntervals = False
189.3785 	EXP 	fixation: autoDraw = False
189.3785 	EXP 	grating: autoDraw = False
189.3790 	EXP 	window1: recordFrameIntervals = False
190.3569 	EXP 	fixation: autoDraw = True
191.3602 	EXP 	fixation: autoDraw = False
191.3771 	EXP 	grating: autoDraw = True
191.3771 	EXP 	grating: tex = 'sin'
191.6769 	EXP 	grating: autoDraw = False
191.8475 	EXP 	window1: recordFrameIntervals = False
191.8504 	DATA 	Keypress: left
191.8602 	EXP 	fixation: autoDraw = False
191.8602 	EXP 	grating: autoDraw = False
191.8606 	EXP 	window1: recordFrameIntervals = False
192.8390 	EXP 	fixation: autoDraw = True
193.8434 	EXP 	fixation: autoDraw = False
193.8603 	EXP 	grating: autoDraw = True
193.8603 	EXP 	grating: tex = 'sin'
194.1602 	EXP 	grating: autoDraw = False
194.3140 	EXP 	window1: recordFrameIntervals = False
194.3164 	DATA 	Keypress: right
194.3268 	EXP 	fixation: autoDraw = False
194.3268 	EXP 	grating: autoDraw = False
194.3271 	EXP 	window1: recordFrameIntervals = False
195.3058 	EXP 	fixation: autoDraw = True
196.3100 	EXP 	fixation: autoDraw = False
196.3271 	EXP 	grating: autoDraw = True
196.3271 	EXP 	grating: tex = 'sin'
196.6267 	EXP 	grating: autoDraw = False
196.7471 	EXP 	window1: recordFrameIntervals = False
196.7497 	DATA 	Keypress: left
196.7599 	EXP 	fixation: autoDraw = False
196.7599 	EXP 	grating: autoDraw = False
196.7601 	EXP 	window1: recordFrameIntervals = False
197.7387 	EXP 	fixation: autoDraw = True
198.7434 	EXP 	fixation: autoDraw = False
198.7602 	EXP 	grating: autoDraw = True
198.7602 	EXP 	grating: tex = 'sin'
199.0597 	EXP 	grating: autoDraw = False
199.3976 	EXP 	window1: recordFrameIntervals = False
199.4002 	DATA 	Keypress: left
199.4100 	EXP 	fixation: autoDraw = False
199.4100 	EXP 	grating: autoDraw = False
199.4105 	EXP 	window1: recordFrameIntervals = False
200.3886 	EXP 	fixation: autoDraw = True
201.3934 	EXP 	fixation: autoDraw = False
201.4102 	EXP 	grating: autoDraw = True
201.4102 	EXP 	grating: tex = 'sin'
201.7101 	EXP 	grating: autoDraw = False
202.0143 	EXP 	window1: recordFrameIntervals = False
202.0179 	DATA 	Keypress: left
202.0267 	EXP 	fixation: autoDraw = False
202.0267 	EXP 	grating: autoDraw = False
202.0270 	EXP 	window1: recordFrameIntervals = False
203.0053 	EXP 	fixation: autoDraw = True
204.0099 	EXP 	fixation: autoDraw = False
204.0268 	EXP 	grating: autoDraw = True
204.0268 	EXP 	grating: tex = 'sin'
204.3267 	EXP 	grating: autoDraw = False
204.4317 	EXP 	window1: recordFrameIntervals = False
204.4346 	DATA 	Keypress: left
204.4433 	EXP 	fixation: autoDraw = False
204.4433 	EXP 	grating: autoDraw = False
204.4437 	EXP 	window1: recordFrameIntervals = False
205.4231 	EXP 	fixation: autoDraw = True
206.4265 	EXP 	fixation: autoDraw = False
206.4434 	EXP 	grating: autoDraw = True
206.4434 	EXP 	grating: tex = 'sin'
206.7433 	EXP 	grating: autoDraw = False
206.9307 	EXP 	window1: recordFrameIntervals = False
206.9334 	DATA 	Keypress: left
206.9432 	EXP 	fixation: autoDraw = False
206.9432 	EXP 	grating: autoDraw = False
206.9436 	EXP 	window1: recordFrameIntervals = False
207.9221 	EXP 	fixation: autoDraw = True
208.9265 	EXP 	fixation: autoDraw = False
208.9434 	EXP 	grating: autoDraw = True
208.9434 	EXP 	grating: tex = 'sin'
209.2432 	EXP 	grating: autoDraw = False
209.4825 	EXP 	window1: recordFrameIntervals = False
209.4874 	DATA 	Keypress: right
209.4932 	EXP 	fixation: autoDraw = False
209.4932 	EXP 	grating: autoDraw = False
209.4935 	EXP 	window1: recordFrameIntervals = False
210.4745 	EXP 	fixation: autoDraw = True
211.4765 	EXP 	fixation: autoDraw = False
211.4933 	EXP 	grating: autoDraw = True
211.4933 	EXP 	grating: tex = 'sin'
211.7930 	EXP 	grating: autoDraw = False
212.0141 	EXP 	window1: recordFrameIntervals = False
212.0170 	DATA 	Keypress: right
212.0263 	EXP 	fixation: autoDraw = False
212.0263 	EXP 	grating: autoDraw = False
212.0267 	EXP 	window1: recordFrameIntervals = False
213.0064 	EXP 	fixation: autoDraw = True
214.0098 	EXP 	fixation: autoDraw = False
214.0266 	EXP 	grating: autoDraw = True
214.0266 	EXP 	grating: tex = 'sin'
214.3264 	EXP 	grating: autoDraw = False
214.5447 	EXP 	window1: recordFrameIntervals = False
214.5461 	DATA 	Keypress: left
214.5593 	EXP 	fixation: autoDraw = False
214.5593 	EXP 	grating: autoDraw = False
214.5594 	EXP 	window1: recordFrameIntervals = False
215.5367 	EXP 	fixation: autoDraw = True
216.5431 	EXP 	fixation: autoDraw = False
216.5599 	EXP 	grating: autoDraw = True
216.5599 	EXP 	grating: tex = 'sin'
216.8598 	EXP 	grating: autoDraw = False
217.1983 	EXP 	window1: recordFrameIntervals = False
217.2011 	DATA 	Keypress: right
217.2097 	EXP 	fixation: autoDraw = False
217.2097 	EXP 	grating: autoDraw = False
217.2101 	EXP 	window1: recordFrameIntervals = False
218.1903 	EXP 	fixation: autoDraw = True
219.1931 	EXP 	fixation: autoDraw = False
219.2098 	EXP 	grating: autoDraw = True
219.2098 	EXP 	grating: tex = 'sin'
219.5097 	EXP 	grating: autoDraw = False
219.6451 	EXP 	window1: recordFrameIntervals = False
219.6466 	DATA 	Keypress: left
219.6594 	EXP 	fixation: autoDraw = False
219.6594 	EXP 	grating: autoDraw = False
219.6597 	EXP 	window1: recordFrameIntervals = False
220.6359 	EXP 	fixation: autoDraw = True
221.6432 	EXP 	fixation: autoDraw = False
221.6611 	EXP 	grating: autoDraw = True
221.6611 	EXP 	grating: tex = 'sin'
221.9761 	EXP 	grating: autoDraw = False
222.0972 	EXP 	window1: recordFrameIntervals = False
222.0998 	DATA 	Keypress: left
222.1096 	EXP 	fixation: autoDraw = False
222.1096 	EXP 	grating: autoDraw = False
222.1100 	EXP 	window1: recordFrameIntervals = False
223.0895 	EXP 	fixation: autoDraw = True
224.0930 	EXP 	fixation: autoDraw = False
224.1097 	EXP 	grating: autoDraw = True
224.1097 	EXP 	grating: tex = 'sin'
224.4096 	EXP 	grating: autoDraw = False
224.6971 	DATA 	Keypress: right
224.7138 	EXP 	window1: recordFrameIntervals = False
224.7263 	EXP 	fixation: autoDraw = False
224.7263 	EXP 	grating: autoDraw = False
224.7266 	EXP 	window1: recordFrameIntervals = False
225.7057 	EXP 	fixation: autoDraw = True
226.7094 	EXP 	fixation: autoDraw = False
226.7263 	EXP 	grating: autoDraw = True
226.7263 	EXP 	grating: tex = 'sin'
227.0262 	EXP 	grating: autoDraw = False
227.2636 	EXP 	window1: recordFrameIntervals = False
227.2663 	DATA 	Keypress: left
227.2762 	EXP 	fixation: autoDraw = False
227.2762 	EXP 	grating: autoDraw = False
227.2766 	EXP 	window1: recordFrameIntervals = False
228.2554 	EXP 	fixation: autoDraw = True
229.2594 	EXP 	fixation: autoDraw = False
229.2762 	EXP 	grating: autoDraw = True
229.2762 	EXP 	grating: tex = 'sin'
229.5759 	EXP 	grating: autoDraw = False
229.7808 	EXP 	window1: recordFrameIntervals = False
229.7873 	DATA 	Keypress: right
229.7927 	EXP 	fixation: autoDraw = False
229.7927 	EXP 	grating: autoDraw = False
229.7930 	EXP 	window1: recordFrameIntervals = False
230.7732 	EXP 	fixation: autoDraw = True
231.7762 	EXP 	fixation: autoDraw = False
231.7929 	EXP 	grating: autoDraw = True
231.7929 	EXP 	grating: tex = 'sin'
232.0918 	EXP 	grating: autoDraw = False
232.4134 	EXP 	window1: recordFrameIntervals = False
232.4162 	DATA 	Keypress: right
232.4260 	EXP 	fixation: autoDraw = False
232.4260 	EXP 	grating: autoDraw = False
232.4263 	EXP 	window1: recordFrameIntervals = False
233.4042 	EXP 	fixation: autoDraw = True
234.4091 	EXP 	fixation: autoDraw = False
234.4259 	EXP 	grating: autoDraw = True
234.4259 	EXP 	grating: tex = 'sin'
234.7260 	EXP 	grating: autoDraw = False
234.8639 	EXP 	window1: recordFrameIntervals = False
234.8668 	DATA 	Keypress: left
234.8760 	EXP 	fixation: autoDraw = False
234.8760 	EXP 	grating: autoDraw = False
234.8763 	EXP 	window1: recordFrameIntervals = False
235.8552 	EXP 	fixation: autoDraw = True
236.8594 	EXP 	fixation: autoDraw = False
236.8760 	EXP 	grating: autoDraw = True
236.8760 	EXP 	grating: tex = 'sin'
237.1760 	EXP 	grating: autoDraw = False
237.5805 	EXP 	window1: recordFrameIntervals = False
237.5831 	DATA 	Keypress: right
237.5927 	EXP 	fixation: autoDraw = False
237.5927 	EXP 	grating: autoDraw = False
237.5930 	EXP 	window1: recordFrameIntervals = False
238.5728 	EXP 	fixation: autoDraw = True
239.5760 	EXP 	fixation: autoDraw = False
239.5927 	EXP 	grating: autoDraw = True
239.5927 	EXP 	grating: tex = 'sin'
239.8927 	EXP 	grating: autoDraw = False
240.0467 	EXP 	window1: recordFrameIntervals = False
240.0496 	DATA 	Keypress: right
240.0593 	EXP 	fixation: autoDraw = False
240.0593 	EXP 	grating: autoDraw = False
240.0596 	EXP 	window1: recordFrameIntervals = False
241.0375 	EXP 	fixation: autoDraw = True
242.0426 	EXP 	fixation: autoDraw = False
242.0594 	EXP 	grating: autoDraw = True
242.0594 	EXP 	grating: tex = 'sin'
242.3593 	EXP 	grating: autoDraw = False
242.5301 	EXP 	window1: recordFrameIntervals = False
242.5328 	DATA 	Keypress: right
242.5426 	EXP 	fixation: autoDraw = False
242.5426 	EXP 	grating: autoDraw = False
242.5430 	EXP 	window1: recordFrameIntervals = False
243.5226 	EXP 	fixation: autoDraw = True
244.5258 	EXP 	fixation: autoDraw = False
244.5426 	EXP 	grating: autoDraw = True
244.5426 	EXP 	grating: tex = 'sin'
244.8426 	EXP 	grating: autoDraw = False
245.0966 	EXP 	window1: recordFrameIntervals = False
245.0994 	DATA 	Keypress: right
245.1092 	EXP 	fixation: autoDraw = False
245.1092 	EXP 	grating: autoDraw = False
245.1096 	EXP 	window1: recordFrameIntervals = False
246.0882 	EXP 	fixation: autoDraw = True
247.0925 	EXP 	fixation: autoDraw = False
247.1093 	EXP 	grating: autoDraw = True
247.1093 	EXP 	grating: tex = 'sin'
247.4092 	EXP 	grating: autoDraw = False
247.7872 	DATA 	Keypress: left
247.7965 	EXP 	window1: recordFrameIntervals = False
247.8092 	EXP 	fixation: autoDraw = False
247.8092 	EXP 	grating: autoDraw = False
247.8095 	EXP 	window1: recordFrameIntervals = False
248.7882 	EXP 	fixation: autoDraw = True
249.7922 	EXP 	fixation: autoDraw = False
249.8091 	EXP 	grating: autoDraw = True
249.8091 	EXP 	grating: tex = 'sin'
250.1091 	EXP 	grating: autoDraw = False
250.2636 	EXP 	window1: recordFrameIntervals = False
250.2663 	DATA 	Keypress: right
250.2758 	EXP 	fixation: autoDraw = False
250.2758 	EXP 	grating: autoDraw = False
250.2762 	EXP 	window1: recordFrameIntervals = False
251.2547 	EXP 	fixation: autoDraw = True
252.2591 	EXP 	fixation: autoDraw = False
252.2758 	EXP 	grating: autoDraw = True
252.2758 	EXP 	grating: tex = 'sin'
252.5758 	EXP 	grating: autoDraw = False
252.9960 	EXP 	window1: recordFrameIntervals = False
252.9986 	DATA 	Keypress: right
253.0089 	EXP 	fixation: autoDraw = False
253.0089 	EXP 	grating: autoDraw = False
253.0092 	EXP 	window1: recordFrameIntervals = False
253.9885 	EXP 	fixation: autoDraw = True
254.9924 	EXP 	fixation: autoDraw = False
255.0091 	EXP 	grating: autoDraw = True
255.0091 	EXP 	grating: tex = 'sin'
255.3085 	EXP 	grating: autoDraw = False
255.4298 	EXP 	window1: recordFrameIntervals = False
255.4323 	DATA 	Keypress: left
255.4423 	EXP 	fixation: autoDraw = False
255.4423 	EXP 	grating: autoDraw = False
255.4426 	EXP 	window1: recordFrameIntervals = False
256.4224 	EXP 	fixation: autoDraw = True
257.4256 	EXP 	fixation: autoDraw = False
257.4424 	EXP 	grating: autoDraw = True
257.4424 	EXP 	grating: tex = 'sin'
257.7422 	EXP 	grating: autoDraw = False
257.8459 	EXP 	window1: recordFrameIntervals = False
257.8482 	DATA 	Keypress: left
257.8589 	EXP 	fixation: autoDraw = False
257.8589 	EXP 	grating: autoDraw = False
257.8593 	EXP 	window1: recordFrameIntervals = False
258.8391 	EXP 	fixation: autoDraw = True
259.8423 	EXP 	fixation: autoDraw = False
259.8589 	EXP 	grating: autoDraw = True
259.8589 	EXP 	grating: tex = 'sin'
260.1589 	EXP 	grating: autoDraw = False
260.2625 	EXP 	window1: recordFrameIntervals = False
260.2650 	DATA 	Keypress: right
260.2755 	EXP 	fixation: autoDraw = False
260.2755 	EXP 	grating: autoDraw = False
260.2758 	EXP 	window1: recordFrameIntervals = False
261.2552 	EXP 	fixation: autoDraw = True
262.2588 	EXP 	fixation: autoDraw = False
262.2757 	EXP 	grating: autoDraw = True
262.2757 	EXP 	grating: tex = 'sin'
262.5755 	EXP 	grating: autoDraw = False
262.6302 	DATA 	Keypress: left
262.6421 	EXP 	fixation: autoDraw = False
262.6421 	EXP 	grating: autoDraw = False
262.8674 	EXP 	window1: mouseVisible = True
